# JRE version: OpenJDK Runtime Environment (11.0.12) (build 11.0.12+0-b1504.28-7817840)
# Java VM: OpenJDK 64-Bit Server VM (11.0.12+0-b1504.28-7817840, mixed mode, tiered, compressed oops, g1 gc, linux-amd64)
Heap:
 garbage-first heap   total 236544K, used 145697K [0x0000000080000000, 0x0000000100000000)
  region size 1024K, 24 young (24576K), 7 survivors (7168K)
 Metaspace       used 117216K, capacity 120475K, committed 121456K, reserved 1155072K
  class space    used 15149K, capacity 16407K, committed 16768K, reserved 1048576K
GC Heap History (20 events):
Event: 122,896 GC heap before
{Heap before GC invocations=30 (full 0):
 garbage-first heap   total 236544K, used 184517K [0x0000000080000000, 0x0000000100000000)
  region size 1024K, 96 young (98304K), 4 survivors (4096K)
 Metaspace       used 110717K, capacity 114058K, committed 114416K, reserved 1148928K
  class space    used 14719K, capacity 16018K, committed 16128K, reserved 1048576K
}
Event: 122,963 GC heap after
{Heap after GC invocations=31 (full 0):
 garbage-first heap   total 236544K, used 96885K [0x0000000080000000, 0x0000000100000000)
  region size 1024K, 12 young (12288K), 12 survivors (12288K)
 Metaspace       used 110717K, capacity 114058K, committed 114416K, reserved 1148928K
  class space    used 14719K, capacity 16018K, committed 16128K, reserved 1048576K
}
Event: 125,743 GC heap before
{Heap before GC invocations=32 (full 0):
 garbage-first heap   total 236544K, used 199285K [0x0000000080000000, 0x0000000100000000)
  region size 1024K, 100 young (102400K), 12 survivors (12288K)
 Metaspace       used 115692K, capacity 119093K, committed 119280K, reserved 1153024K
  class space    used 15230K, capacity 16579K, committed 16640K, reserved 1048576K
}
Event: 125,769 GC heap after
{Heap after GC invocations=33 (full 0):
 garbage-first heap   total 236544K, used 96227K [0x0000000080000000, 0x0000000100000000)
  region size 1024K, 7 young (7168K), 7 survivors (7168K)
 Metaspace       used 115692K, capacity 119093K, committed 119280K, reserved 1153024K
  class space    used 15230K, capacity 16579K, committed 16640K, reserved 1048576K
}
Event: 279,483 GC heap before
{Heap before GC invocations=33 (full 0):
 garbage-first heap   total 236544K, used 192483K [0x0000000080000000, 0x0000000100000000)
  region size 1024K, 95 young (97280K), 7 survivors (7168K)
 Metaspace       used 116686K, capacity 120116K, committed 120304K, reserved 1153024K
  class space    used 15267K, capacity 16614K, committed 16640K, reserved 1048576K
}
Event: 279,524 GC heap after
{Heap after GC invocations=34 (full 0):
 garbage-first heap   total 236544K, used 97519K [0x0000000080000000, 0x0000000100000000)
  region size 1024K, 6 young (6144K), 6 survivors (6144K)
 Metaspace       used 116686K, capacity 120116K, committed 120304K, reserved 1153024K
  class space    used 15267K, capacity 16614K, committed 16640K, reserved 1048576K
}
Event: 280,203 GC heap before
{Heap before GC invocations=34 (full 0):
 garbage-first heap   total 236544K, used 156911K [0x0000000080000000, 0x0000000100000000)
  region size 1024K, 52 young (53248K), 6 survivors (6144K)
 Metaspace       used 116913K, capacity 120352K, committed 120560K, reserved 1153024K
  class space    used 15272K, capacity 16623K, committed 16640K, reserved 1048576K
}
Event: 280,282 GC heap after
{Heap after GC invocations=35 (full 0):
 garbage-first heap   total 236544K, used 114864K [0x0000000080000000, 0x0000000100000000)
  region size 1024K, 12 young (12288K), 12 survivors (12288K)
 Metaspace       used 116913K, capacity 120352K, committed 120560K, reserved 1153024K
  class space    used 15272K, capacity 16623K, committed 16640K, reserved 1048576K
}
Event: 281,797 GC heap before
{Heap before GC invocations=36 (full 0):
 garbage-first heap   total 236544K, used 149680K [0x0000000080000000, 0x0000000100000000)
  region size 1024K, 44 young (45056K), 12 survivors (12288K)
 Metaspace       used 116689K, capacity 119871K, committed 120944K, reserved 1153024K
  class space    used 15122K, capacity 16358K, committed 16768K, reserved 1048576K
}
Event: 281,823 GC heap after
{Heap after GC invocations=37 (full 0):
 garbage-first heap   total 236544K, used 118272K [0x0000000080000000, 0x0000000100000000)
  region size 1024K, 6 young (6144K), 6 survivors (6144K)
 Metaspace       used 116689K, capacity 119871K, committed 120944K, reserved 1153024K
  class space    used 15122K, capacity 16358K, committed 16768K, reserved 1048576K
}
Event: 281,839 GC heap before
{Heap before GC invocations=37 (full 0):
 garbage-first heap   total 236544K, used 123392K [0x0000000080000000, 0x0000000100000000)
  region size 1024K, 11 young (11264K), 6 survivors (6144K)
 Metaspace       used 116695K, capacity 119871K, committed 120944K, reserved 1153024K
  class space    used 15122K, capacity 16358K, committed 16768K, reserved 1048576K
}
Event: 281,851 GC heap after
{Heap after GC invocations=38 (full 0):
 garbage-first heap   total 236544K, used 116012K [0x0000000080000000, 0x0000000100000000)
  region size 1024K, 2 young (2048K), 2 survivors (2048K)
 Metaspace       used 116695K, capacity 119871K, committed 120944K, reserved 1153024K
  class space    used 15122K, capacity 16358K, committed 16768K, reserved 1048576K
}
Event: 282,009 GC heap before
{Heap before GC invocations=38 (full 0):
 garbage-first heap   total 236544K, used 133420K [0x0000000080000000, 0x0000000100000000)
  region size 1024K, 21 young (21504K), 2 survivors (2048K)
 Metaspace       used 116761K, capacity 119940K, committed 120944K, reserved 1153024K
  class space    used 15123K, capacity 16359K, committed 16768K, reserved 1048576K
}
Event: 282,015 GC heap after
{Heap after GC invocations=39 (full 0):
 garbage-first heap   total 236544K, used 116023K [0x0000000080000000, 0x0000000100000000)
  region size 1024K, 2 young (2048K), 2 survivors (2048K)
 Metaspace       used 116761K, capacity 119940K, committed 120944K, reserved 1153024K
  class space    used 15123K, capacity 16359K, committed 16768K, reserved 1048576K
}
Event: 491,574 GC heap before
{Heap before GC invocations=40 (full 0):
 garbage-first heap   total 236544K, used 173367K [0x0000000080000000, 0x0000000100000000)
  region size 1024K, 57 young (58368K), 2 survivors (2048K)
 Metaspace       used 117077K, capacity 120310K, committed 121200K, reserved 1155072K
  class space    used 15133K, capacity 16378K, committed 16768K, reserved 1048576K
}
Event: 491,624 GC heap after
{Heap after GC invocations=41 (full 0):
 garbage-first heap   total 236544K, used 124560K [0x0000000080000000, 0x0000000100000000)
  region size 1024K, 8 young (8192K), 8 survivors (8192K)
 Metaspace       used 117077K, capacity 120310K, committed 121200K, reserved 1155072K
  class space    used 15133K, capacity 16378K, committed 16768K, reserved 1048576K
}
Event: 491,660 GC heap before
{Heap before GC invocations=41 (full 0):
 garbage-first heap   total 236544K, used 127632K [0x0000000080000000, 0x0000000100000000)
  region size 1024K, 11 young (11264K), 8 survivors (8192K)
 Metaspace       used 117078K, capacity 120310K, committed 121200K, reserved 1155072K
  class space    used 15133K, capacity 16378K, committed 16768K, reserved 1048576K
}
Event: 491,758 GC heap after
{Heap after GC invocations=42 (full 0):
 garbage-first heap   total 236544K, used 110093K [0x0000000080000000, 0x0000000100000000)
  region size 1024K, 2 young (2048K), 2 survivors (2048K)
 Metaspace       used 117078K, capacity 120310K, committed 121200K, reserved 1155072K
  class space    used 15133K, capacity 16378K, committed 16768K, reserved 1048576K
}
Event: 491,855 GC heap before
{Heap before GC invocations=42 (full 0):
 garbage-first heap   total 236544K, used 122381K [0x0000000080000000, 0x0000000100000000)
  region size 1024K, 16 young (16384K), 2 survivors (2048K)
 Metaspace       used 117094K, capacity 120310K, committed 121200K, reserved 1155072K
  class space    used 15134K, capacity 16378K, committed 16768K, reserved 1048576K
}
Event: 491,877 GC heap after
{Heap after GC invocations=43 (full 0):
 garbage-first heap   total 236544K, used 114977K [0x0000000080000000, 0x0000000100000000)
  region size 1024K, 7 young (7168K), 7 survivors (7168K)
 Metaspace       used 117094K, capacity 120310K, committed 121200K, reserved 1155072K
  class space    used 15134K, capacity 16378K, committed 16768K, reserved 1048576K
}

